# JRE version: Java(TM) SE Runtime Environment (8.0_25-b18) (build 1.8.0_25-b18)
# Java VM: Java HotSpot(TM) 64-Bit Server VM (25.25-b02 mixed mode windows-amd64 compressed oops)
Heap:
 PSYoungGen      total 321024K, used 129901K [0x00000000eab00000, 0x0000000100000000, 0x0000000100000000)
  eden space 296448K, 43% used [0x00000000eab00000,0x00000000f29db570,0x00000000fcc80000)
  from space 24576K, 0% used [0x00000000fcc80000,0x00000000fcc80000,0x00000000fe480000)
  to   space 24064K, 0% used [0x00000000fe880000,0x00000000fe880000,0x0000000100000000)
 ParOldGen       total 214528K, used 87531K [0x00000000c0000000, 0x00000000cd180000, 0x00000000eab00000)
  object space 214528K, 40% used [0x00000000c0000000,0x00000000c557ad90,0x00000000cd180000)
 Metaspace       used 43899K, capacity 45510K, committed 45824K, reserved 1089536K
  class space    used 5934K, capacity 6333K, committed 6400K, reserved 1048576K
GC Heap History (10 events):
Event: 30.469 GC heap before
{Heap before GC invocations=28 (full 2):
 PSYoungGen      total 321024K, used 301056K [0x00000000eab00000, 0x00000000fff80000, 0x0000000100000000)
  eden space 293376K, 100% used [0x00000000eab00000,0x00000000fc980000,0x00000000fc980000)
  from space 27648K, 27% used [0x00000000fc980000,0x00000000fd100000,0x00000000fe480000)
  to   space 27136K, 0% used [0x00000000fe500000,0x00000000fe500000,0x00000000fff80000)
 ParOldGen       total 109568K, used 70874K [0x00000000c0000000, 0x00000000c6b00000, 0x00000000eab00000)
  object space 109568K, 64% used [0x00000000c0000000,0x00000000c45368b8,0x00000000c6b00000)
 Metaspace       used 43871K, capacity 45510K, committed 45824K, reserved 1089536K
  class space    used 5933K, capacity 6333K, committed 6400K, reserved 1048576K
Event: 30.481 GC heap after
Heap after GC invocations=28 (full 2):
 PSYoungGen      total 320512K, used 8992K [0x00000000eab00000, 0x00000000ffe80000, 0x0000000100000000)
  eden space 294400K, 0% used [0x00000000eab00000,0x00000000eab00000,0x00000000fca80000)
  from space 26112K, 34% used [0x00000000fe500000,0x00000000fedc8000,0x00000000ffe80000)
  to   space 26624K, 0% used [0x00000000fca80000,0x00000000fca80000,0x00000000fe480000)
 ParOldGen       total 109568K, used 72962K [0x00000000c0000000, 0x00000000c6b00000, 0x00000000eab00000)
  object space 109568K, 66% used [0x00000000c0000000,0x00000000c47408d8,0x00000000c6b00000)
 Metaspace       used 43871K, capacity 45510K, committed 45824K, reserved 1089536K
  class space    used 5933K, capacity 6333K, committed 6400K, reserved 1048576K
}
Event: 31.680 GC heap before
{Heap before GC invocations=29 (full 2):
 PSYoungGen      total 320512K, used 303392K [0x00000000eab00000, 0x00000000ffe80000, 0x0000000100000000)
  eden space 294400K, 100% used [0x00000000eab00000,0x00000000fca80000,0x00000000fca80000)
  from space 26112K, 34% used [0x00000000fe500000,0x00000000fedc8000,0x00000000ffe80000)
  to   space 26624K, 0% used [0x00000000fca80000,0x00000000fca80000,0x00000000fe480000)
 ParOldGen       total 109568K, used 72962K [0x00000000c0000000, 0x00000000c6b00000, 0x00000000eab00000)
  object space 109568K, 66% used [0x00000000c0000000,0x00000000c47408d8,0x00000000c6b00000)
 Metaspace       used 43878K, capacity 45510K, committed 45824K, reserved 1089536K
  class space    used 5933K, capacity 6333K, committed 6400K, reserved 1048576K
Event: 31.700 GC heap after
Heap after GC invocations=29 (full 2):
 PSYoungGen      total 321024K, used 7072K [0x00000000eab00000, 0x00000000fff80000, 0x0000000100000000)
  eden space 294400K, 0% used [0x00000000eab00000,0x00000000eab00000,0x00000000fca80000)
  from space 26624K, 26% used [0x00000000fca80000,0x00000000fd168000,0x00000000fe480000)
  to   space 26112K, 0% used [0x00000000fe600000,0x00000000fe600000,0x00000000fff80000)
 ParOldGen       total 109568K, used 81526K [0x00000000c0000000, 0x00000000c6b00000, 0x00000000eab00000)
  object space 109568K, 74% used [0x00000000c0000000,0x00000000c4f9d9a8,0x00000000c6b00000)
 Metaspace       used 43878K, capacity 45510K, committed 45824K, reserved 1089536K
  class space    used 5933K, capacity 6333K, committed 6400K, reserved 1048576K
}
Event: 32.745 GC heap before
{Heap before GC invocations=30 (full 2):
 PSYoungGen      total 321024K, used 301472K [0x00000000eab00000, 0x00000000fff80000, 0x0000000100000000)
  eden space 294400K, 100% used [0x00000000eab00000,0x00000000fca80000,0x00000000fca80000)
  from space 26624K, 26% used [0x00000000fca80000,0x00000000fd168000,0x00000000fe480000)
  to   space 26112K, 0% used [0x00000000fe600000,0x00000000fe600000,0x00000000fff80000)
 ParOldGen       total 109568K, used 81526K [0x00000000c0000000, 0x00000000c6b00000, 0x00000000eab00000)
  object space 109568K, 74% used [0x00000000c0000000,0x00000000c4f9d9a8,0x00000000c6b00000)
 Metaspace       used 43891K, capacity 45510K, committed 45824K, reserved 1089536K
  class space    used 5934K, capacity 6333K, committed 6400K, reserved 1048576K
Event: 32.774 GC heap after
Heap after GC invocations=30 (full 2):
 PSYoungGen      total 319488K, used 11856K [0x00000000eab00000, 0x00000000ffc80000, 0x0000000100000000)
  eden space 296448K, 0% used [0x00000000eab00000,0x00000000eab00000,0x00000000fcc80000)
  from space 23040K, 51% used [0x00000000fe600000,0x00000000ff194010,0x00000000ffc80000)
  to   space 24576K, 0% used [0x00000000fcc80000,0x00000000fcc80000,0x00000000fe480000)
 ParOldGen       total 109568K, used 87438K [0x00000000c0000000, 0x00000000c6b00000, 0x00000000eab00000)
  object space 109568K, 79% used [0x00000000c0000000,0x00000000c55639a8,0x00000000c6b00000)
 Metaspace       used 43891K, capacity 45510K, committed 45824K, reserved 1089536K
  class space    used 5934K, capacity 6333K, committed 6400K, reserved 1048576K
}
Event: 33.980 GC heap before
{Heap before GC invocations=31 (full 2):
 PSYoungGen      total 319488K, used 308304K [0x00000000eab00000, 0x00000000ffc80000, 0x0000000100000000)
  eden space 296448K, 100% used [0x00000000eab00000,0x00000000fcc80000,0x00000000fcc80000)
  from space 23040K, 51% used [0x00000000fe600000,0x00000000ff194010,0x00000000ffc80000)
  to   space 24576K, 0% used [0x00000000fcc80000,0x00000000fcc80000,0x00000000fe480000)
 ParOldGen       total 109568K, used 87438K [0x00000000c0000000, 0x00000000c6b00000, 0x00000000eab00000)
  object space 109568K, 79% used [0x00000000c0000000,0x00000000c55639a8,0x00000000c6b00000)
 Metaspace       used 43894K, capacity 45510K, committed 45824K, reserved 1089536K
  class space    used 5934K, capacity 6333K, committed 6400K, reserved 1048576K
Event: 34.000 GC heap after
Heap after GC invocations=31 (full 2):
 PSYoungGen      total 321024K, used 7488K [0x00000000eab00000, 0x0000000100000000, 0x0000000100000000)
  eden space 296448K, 0% used [0x00000000eab00000,0x00000000eab00000,0x00000000fcc80000)
  from space 24576K, 30% used [0x00000000fcc80000,0x00000000fd3d0000,0x00000000fe480000)
  to   space 24064K, 0% used [0x00000000fe880000,0x00000000fe880000,0x0000000100000000)
 ParOldGen       total 109568K, used 98650K [0x00000000c0000000, 0x00000000c6b00000, 0x00000000eab00000)
  object space 109568K, 90% used [0x00000000c0000000,0x00000000c6056ad8,0x00000000c6b00000)
 Metaspace       used 43894K, capacity 45510K, committed 45824K, reserved 1089536K
  class space    used 5934K, capacity 6333K, committed 6400K, reserved 1048576K
}
Event: 34.000 GC heap before
{Heap before GC invocations=32 (full 3):
 PSYoungGen      total 321024K, used 7488K [0x00000000eab00000, 0x0000000100000000, 0x0000000100000000)
  eden space 296448K, 0% used [0x00000000eab00000,0x00000000eab00000,0x00000000fcc80000)
  from space 24576K, 30% used [0x00000000fcc80000,0x00000000fd3d0000,0x00000000fe480000)
  to   space 24064K, 0% used [0x00000000fe880000,0x00000000fe880000,0x0000000100000000)
 ParOldGen       total 109568K, used 98650K [0x00000000c0000000, 0x00000000c6b00000, 0x00000000eab00000)
  object space 109568K, 90% used [0x00000000c0000000,0x00000000c6056ad8,0x00000000c6b00000)
 Metaspace       used 43894K, capacity 45510K, committed 45824K, reserved 1089536K
  class space    used 5934K, capacity 6333K, committed 6400K, reserved 1048576K
Event: 34.499 GC heap after
Heap after GC invocations=32 (full 3):
 PSYoungGen      total 321024K, used 0K [0x00000000eab00000, 0x0000000100000000, 0x0000000100000000)
  eden space 296448K, 0% used [0x00000000eab00000,0x00000000eab00000,0x00000000fcc80000)
  from space 24576K, 0% used [0x00000000fcc80000,0x00000000fcc80000,0x00000000fe480000)
  to   space 24064K, 0% used [0x00000000fe880000,0x00000000fe880000,0x0000000100000000)
 ParOldGen       total 214528K, used 87531K [0x00000000c0000000, 0x00000000cd180000, 0x00000000eab00000)
  object space 214528K, 40% used [0x00000000c0000000,0x00000000c557ad90,0x00000000cd180000)
 Metaspace       used 43894K, capacity 45510K, committed 45824K, reserved 1089536K
  class space    used 5934K, capacity 6333K, committed 6400K, reserved 1048576K
}

